2017-06-13 08:06:02
Full thread dump Java HotSpot(TM) 64-Bit Server VM (25.121-b13 mixed mode):

"Attach Listener" #137 daemon prio=9 os_prio=0 tid=0x00007f636c26f000 nid=0x101d waiting on condition [0x0000000000000000]
   java.lang.Thread.State: RUNNABLE

"Worker-39" #135 prio=5 os_prio=0 tid=0x00007f63ac047800 nid=0xfe9 in Object.wait() [0x00007f631a07b000]
   java.lang.Thread.State: TIMED_WAITING (on object monitor)
	at java.lang.Object.wait(Native Method)
	at org.eclipse.core.internal.jobs.WorkerPool.sleep(WorkerPool.java:188)
	- locked <0x00000000c2360750> (a org.eclipse.core.internal.jobs.WorkerPool)
	at org.eclipse.core.internal.jobs.WorkerPool.startJob(WorkerPool.java:220)
	at org.eclipse.core.internal.jobs.Worker.run(Worker.java:52)

"org.eclipse.jface.text.reconciler.MonoReconciler" #117 daemon prio=1 os_prio=0 tid=0x00007f63120c3800 nid=0xf84 in Object.wait() [0x00007f631a17c000]
   java.lang.Thread.State: TIMED_WAITING (on object monitor)
	at java.lang.Object.wait(Native Method)
	at org.eclipse.jface.text.reconciler.AbstractReconciler$BackgroundThread.run(AbstractReconciler.java:180)
	- locked <0x00000000c8e84450> (a org.eclipse.jface.text.reconciler.DirtyRegionQueue)

"Worker-35" #112 prio=5 os_prio=0 tid=0x00007f6368028000 nid=0xf7b in Object.wait() [0x00007f633a04a000]
   java.lang.Thread.State: TIMED_WAITING (on object monitor)
	at java.lang.Object.wait(Native Method)
	at org.eclipse.core.internal.jobs.WorkerPool.sleep(WorkerPool.java:188)
	- locked <0x00000000c2360750> (a org.eclipse.core.internal.jobs.WorkerPool)
	at org.eclipse.core.internal.jobs.WorkerPool.startJob(WorkerPool.java:220)
	at org.eclipse.core.internal.jobs.Worker.run(Worker.java:52)

"Dali Event Handler" #67 prio=6 os_prio=0 tid=0x00007f63c38bb000 nid=0xdb5 in Object.wait() [0x00007f6319572000]
   java.lang.Thread.State: WAITING (on object monitor)
	at java.lang.Object.wait(Native Method)
	at java.lang.Object.wait(Object.java:502)
	at org.eclipse.jpt.common.utility.internal.queue.SynchronizedQueue.waitUntilEmptyIs_(SynchronizedQueue.java:134)
	at org.eclipse.jpt.common.utility.internal.queue.SynchronizedQueue.waitUntilEmptyIs(SynchronizedQueue.java:125)
	- locked <0x00000000c0a1a9a0> (a org.eclipse.jpt.common.utility.internal.queue.SynchronizedQueue)
	at org.eclipse.jpt.common.utility.internal.queue.SynchronizedQueue.waitUntilNotEmpty(SynchronizedQueue.java:149)
	at org.eclipse.jpt.common.utility.internal.command.AbstractAsynchronousCommandContext.waitForCommand(AbstractAsynchronousCommandContext.java:154)
	at org.eclipse.jpt.common.utility.internal.command.AbstractAsynchronousCommandContext$Consumer.waitForProducer(AbstractAsynchronousCommandContext.java:189)
	at org.eclipse.jpt.common.utility.internal.ConsumerThreadCoordinator$RunnableConsumer.run(ConsumerThreadCoordinator.java:194)
	at java.lang.Thread.run(Thread.java:745)

"Worker-25" #66 prio=5 os_prio=0 tid=0x00007f6340178800 nid=0xd9f in Object.wait() [0x00007f6319e79000]
   java.lang.Thread.State: TIMED_WAITING (on object monitor)
	at java.lang.Object.wait(Native Method)
	at org.eclipse.core.internal.jobs.WorkerPool.sleep(WorkerPool.java:188)
	- locked <0x00000000c2360750> (a org.eclipse.core.internal.jobs.WorkerPool)
	at org.eclipse.core.internal.jobs.WorkerPool.startJob(WorkerPool.java:220)
	at org.eclipse.core.internal.jobs.Worker.run(Worker.java:52)

"Provisioning Event Dispatcher" #61 daemon prio=5 os_prio=0 tid=0x00007f6340122000 nid=0xa8f in Object.wait() [0x00007f631906d000]
   java.lang.Thread.State: WAITING (on object monitor)
	at java.lang.Object.wait(Native Method)
	at java.lang.Object.wait(Object.java:502)
	at org.eclipse.osgi.framework.eventmgr.EventManager$EventThread.getNextEvent(EventManager.java:400)
	- locked <0x00000000c0a1acf8> (a org.eclipse.osgi.framework.eventmgr.EventManager$EventThread)
	at org.eclipse.osgi.framework.eventmgr.EventManager$EventThread.run(EventManager.java:336)

"Thread-7" #41 prio=5 os_prio=0 tid=0x00007f6360a47800 nid=0xa76 waiting on condition [0x00007f631c51c000]
   java.lang.Thread.State: TIMED_WAITING (sleeping)
	at java.lang.Thread.sleep(Native Method)
	at org.eclipse.equinox.internal.p2.updatechecker.UpdateChecker$UpdateCheckThread.run(UpdateChecker.java:69)

"EventAdmin Async Event Dispatcher Thread" #30 daemon prio=6 os_prio=0 tid=0x00007f63c2468000 nid=0xa67 in Object.wait() [0x00007f631dc83000]
   java.lang.Thread.State: WAITING (on object monitor)
	at java.lang.Object.wait(Native Method)
	at java.lang.Object.wait(Object.java:502)
	at org.eclipse.osgi.framework.eventmgr.EventManager$EventThread.getNextEvent(EventManager.java:400)
	- locked <0x00000000c55ad6b8> (a org.eclipse.osgi.framework.eventmgr.EventManager$EventThread)
	at org.eclipse.osgi.framework.eventmgr.EventManager$EventThread.run(EventManager.java:336)

"[ThreadPool Manager] - Idle Thread" #29 daemon prio=5 os_prio=0 tid=0x00007f632800e000 nid=0xa65 in Object.wait() [0x00007f631ebd2000]
   java.lang.Thread.State: WAITING (on object monitor)
	at java.lang.Object.wait(Native Method)
	at java.lang.Object.wait(Object.java:502)
	at org.eclipse.equinox.internal.util.impl.tpt.threadpool.Executor.run(Executor.java:106)
	- locked <0x00000000c55ad8b8> (a org.eclipse.equinox.internal.util.impl.tpt.threadpool.Executor)

"Java indexing" #26 daemon prio=4 os_prio=0 tid=0x00007f63c1832800 nid=0xa62 in Object.wait() [0x00007f631f461000]
   java.lang.Thread.State: WAITING (on object monitor)
	at java.lang.Object.wait(Native Method)
	at java.lang.Object.wait(Object.java:502)
	at org.eclipse.jdt.internal.core.search.processing.JobManager.run(JobManager.java:371)
	- locked <0x00000000c19182c8> (a org.eclipse.jdt.internal.core.search.indexing.IndexManager)
	at java.lang.Thread.run(Thread.java:745)

"Bundle File Closer" #24 daemon prio=6 os_prio=0 tid=0x00007f63c153d800 nid=0xa60 in Object.wait() [0x00007f6339a80000]
   java.lang.Thread.State: WAITING (on object monitor)
	at java.lang.Object.wait(Native Method)
	at java.lang.Object.wait(Object.java:502)
	at org.eclipse.osgi.framework.eventmgr.EventManager$EventThread.getNextEvent(EventManager.java:400)
	- locked <0x00000000c1918498> (a org.eclipse.osgi.framework.eventmgr.EventManager$EventThread)
	at org.eclipse.osgi.framework.eventmgr.EventManager$EventThread.run(EventManager.java:336)

"EMF Reference Cleaner" #18 daemon prio=5 os_prio=0 tid=0x00007f6330183000 nid=0xa48 in Object.wait() [0x00007f63398b1000]
   java.lang.Thread.State: WAITING (on object monitor)
	at java.lang.Object.wait(Native Method)
	at java.lang.ref.ReferenceQueue.remove(ReferenceQueue.java:143)
	- locked <0x00000000c23608f8> (a java.lang.ref.ReferenceQueue$Lock)
	at java.lang.ref.ReferenceQueue.remove(ReferenceQueue.java:164)
	at org.eclipse.emf.common.util.CommonUtil$1ReferenceClearingQueuePollingThread.run(CommonUtil.java:70)

"Worker-JM" #17 prio=5 os_prio=0 tid=0x00007f63240b5000 nid=0xa47 in Object.wait() [0x00007f6339e35000]
   java.lang.Thread.State: WAITING (on object monitor)
	at java.lang.Object.wait(Native Method)
	at org.eclipse.core.internal.jobs.InternalWorker.run(InternalWorker.java:59)
	- locked <0x00000000c2360aa8> (a java.util.ArrayList)

"[Timer] - Main Queue Handler" #16 daemon prio=5 os_prio=0 tid=0x00007f633006c000 nid=0xa46 in Object.wait() [0x00007f6339f46000]
   java.lang.Thread.State: TIMED_WAITING (on object monitor)
	at java.lang.Object.wait(Native Method)
	at org.eclipse.equinox.internal.util.impl.tpt.timer.TimerImpl.run(TimerImpl.java:141)
	- locked <0x00000000c2360c38> (a java.lang.Object)
	at java.lang.Thread.run(Thread.java:745)

"Start Level: Equinox Container: f31a20b7-93d4-4f13-af23-a16c7846000b" #14 daemon prio=5 os_prio=0 tid=0x00007f63c0763800 nid=0xa44 in Object.wait() [0x00007f633ab5b000]
   java.lang.Thread.State: WAITING (on object monitor)
	at java.lang.Object.wait(Native Method)
	- waiting on <0x00000000c2360ca8> (a org.eclipse.osgi.framework.eventmgr.EventManager$EventThread)
	at java.lang.Object.wait(Object.java:502)
	at org.eclipse.osgi.framework.eventmgr.EventManager$EventThread.getNextEvent(EventManager.java:400)
	- locked <0x00000000c2360ca8> (a org.eclipse.osgi.framework.eventmgr.EventManager$EventThread)
	at org.eclipse.osgi.framework.eventmgr.EventManager$EventThread.run(EventManager.java:336)

"Framework Event Dispatcher: org.eclipse.osgi.internal.framework.EquinoxEventPublisher@104dc1a2" #13 daemon prio=5 os_prio=0 tid=0x00007f63c0761800 nid=0xa43 in Object.wait() [0x00007f633ac5c000]
   java.lang.Thread.State: WAITING (on object monitor)
	at java.lang.Object.wait(Native Method)
	at java.lang.Object.wait(Object.java:502)
	at org.eclipse.osgi.framework.eventmgr.EventManager$EventThread.getNextEvent(EventManager.java:400)
	- locked <0x00000000c2360e30> (a org.eclipse.osgi.framework.eventmgr.EventManager$EventThread)
	at org.eclipse.osgi.framework.eventmgr.EventManager$EventThread.run(EventManager.java:336)

"Active Thread: Equinox Container: f31a20b7-93d4-4f13-af23-a16c7846000b" #11 prio=5 os_prio=0 tid=0x00007f63c070d800 nid=0xa42 waiting on condition [0x00007f633ad5e000]
   java.lang.Thread.State: TIMED_WAITING (parking)
	at sun.misc.Unsafe.park(Native Method)
	- parking to wait for  <0x00000000c2361130> (a java.util.concurrent.locks.AbstractQueuedSynchronizer$ConditionObject)
	at java.util.concurrent.locks.LockSupport.parkNanos(LockSupport.java:215)
	at java.util.concurrent.locks.AbstractQueuedSynchronizer$ConditionObject.awaitNanos(AbstractQueuedSynchronizer.java:2078)
	at java.util.concurrent.ScheduledThreadPoolExecutor$DelayedWorkQueue.take(ScheduledThreadPoolExecutor.java:1093)
	at java.util.concurrent.ScheduledThreadPoolExecutor$DelayedWorkQueue.take(ScheduledThreadPoolExecutor.java:809)
	at java.util.concurrent.ThreadPoolExecutor.getTask(ThreadPoolExecutor.java:1067)
	at java.util.concurrent.ThreadPoolExecutor.runWorker(ThreadPoolExecutor.java:1127)
	at java.util.concurrent.ThreadPoolExecutor$Worker.run(ThreadPoolExecutor.java:617)
	at java.lang.Thread.run(Thread.java:745)

"Service Thread" #9 daemon prio=9 os_prio=0 tid=0x00007f63c020b000 nid=0xa3d runnable [0x0000000000000000]
   java.lang.Thread.State: RUNNABLE

"C1 CompilerThread2" #8 daemon prio=9 os_prio=0 tid=0x00007f63c0200000 nid=0xa3c waiting on condition [0x0000000000000000]
   java.lang.Thread.State: RUNNABLE

"C2 CompilerThread1" #7 daemon prio=9 os_prio=0 tid=0x00007f63c01fd800 nid=0xa3b waiting on condition [0x0000000000000000]
   java.lang.Thread.State: RUNNABLE

"C2 CompilerThread0" #6 daemon prio=9 os_prio=0 tid=0x00007f63c01fb800 nid=0xa3a waiting on condition [0x0000000000000000]
   java.lang.Thread.State: RUNNABLE

"Signal Dispatcher" #5 daemon prio=9 os_prio=0 tid=0x00007f63c01f9800 nid=0xa39 runnable [0x0000000000000000]
   java.lang.Thread.State: RUNNABLE

"Surrogate Locker Thread (Concurrent GC)" #4 daemon prio=9 os_prio=0 tid=0x00007f63c01f7800 nid=0xa38 waiting on condition [0x0000000000000000]
   java.lang.Thread.State: RUNNABLE

"Finalizer" #3 daemon prio=8 os_prio=0 tid=0x00007f63c01c0800 nid=0xa37 in Object.wait() [0x00007f6388ebe000]
   java.lang.Thread.State: WAITING (on object monitor)
	at java.lang.Object.wait(Native Method)
	at java.lang.ref.ReferenceQueue.remove(ReferenceQueue.java:143)
	- locked <0x00000000c017a040> (a java.lang.ref.ReferenceQueue$Lock)
	at java.lang.ref.ReferenceQueue.remove(ReferenceQueue.java:164)
	at java.lang.ref.Finalizer$FinalizerThread.run(Finalizer.java:209)

"Reference Handler" #2 daemon prio=10 os_prio=0 tid=0x00007f63c01bc000 nid=0xa36 in Object.wait() [0x00007f6388fbf000]
   java.lang.Thread.State: WAITING (on object monitor)
	at java.lang.Object.wait(Native Method)
	at java.lang.Object.wait(Object.java:502)
	at java.lang.ref.Reference.tryHandlePending(Reference.java:191)
	- locked <0x00000000c017a1f8> (a java.lang.ref.Reference$Lock)
	at java.lang.ref.Reference$ReferenceHandler.run(Reference.java:153)

"main" #1 prio=6 os_prio=0 tid=0x00007f63c000a800 nid=0xa28 runnable [0x00007f63c9bdc000]
   java.lang.Thread.State: RUNNABLE
	at org.eclipse.swt.internal.gtk.OS.Call(Native Method)
	at org.eclipse.swt.widgets.Display.sleep(Display.java:5066)
	at org.eclipse.ui.application.WorkbenchAdvisor.eventLoopIdle(WorkbenchAdvisor.java:368)
	at org.eclipse.ui.internal.ide.application.IDEWorkbenchAdvisor.eventLoopIdle(IDEWorkbenchAdvisor.java:888)
	at org.eclipse.ui.internal.Workbench$3.eventLoopIdle(Workbench.java:526)
	at org.eclipse.e4.ui.internal.workbench.swt.PartRenderingEngine$4.run(PartRenderingEngine.java:1126)
	at org.eclipse.core.databinding.observable.Realm.runWithDefault(Realm.java:336)
	at org.eclipse.e4.ui.internal.workbench.swt.PartRenderingEngine.run(PartRenderingEngine.java:1022)
	at org.eclipse.e4.ui.internal.workbench.E4Workbench.createAndRunUI(E4Workbench.java:150)
	at org.eclipse.ui.internal.Workbench$5.run(Workbench.java:693)
	at org.eclipse.core.databinding.observable.Realm.runWithDefault(Realm.java:336)
	at org.eclipse.ui.internal.Workbench.createAndRunWorkbench(Workbench.java:610)
	at org.eclipse.ui.PlatformUI.createAndRunWorkbench(PlatformUI.java:148)
	at org.eclipse.ui.internal.ide.application.IDEApplication.start(IDEApplication.java:138)
	at org.eclipse.equinox.internal.app.EclipseAppHandle.run(EclipseAppHandle.java:196)
	at org.eclipse.core.runtime.internal.adaptor.EclipseAppLauncher.runApplication(EclipseAppLauncher.java:134)
	at org.eclipse.core.runtime.internal.adaptor.EclipseAppLauncher.start(EclipseAppLauncher.java:104)
	at org.eclipse.core.runtime.adaptor.EclipseStarter.run(EclipseStarter.java:388)
	at org.eclipse.core.runtime.adaptor.EclipseStarter.run(EclipseStarter.java:243)
	at sun.reflect.NativeMethodAccessorImpl.invoke0(Native Method)
	at sun.reflect.NativeMethodAccessorImpl.invoke(NativeMethodAccessorImpl.java:62)
	at sun.reflect.DelegatingMethodAccessorImpl.invoke(DelegatingMethodAccessorImpl.java:43)
	at java.lang.reflect.Method.invoke(Method.java:498)
	at org.eclipse.equinox.launcher.Main.invokeFramework(Main.java:673)
	at org.eclipse.equinox.launcher.Main.basicRun(Main.java:610)
	at org.eclipse.equinox.launcher.Main.run(Main.java:1519)
	at org.eclipse.equinox.launcher.Main.main(Main.java:1492)

"VM Thread" os_prio=0 tid=0x00007f63c01b4000 nid=0xa35 runnable 

"Gang worker#0 (Parallel GC Threads)" os_prio=0 tid=0x00007f63c0022000 nid=0xa29 runnable 

"Gang worker#1 (Parallel GC Threads)" os_prio=0 tid=0x00007f63c0023800 nid=0xa2a runnable 

"Gang worker#2 (Parallel GC Threads)" os_prio=0 tid=0x00007f63c0025800 nid=0xa2b runnable 

"Gang worker#3 (Parallel GC Threads)" os_prio=0 tid=0x00007f63c0027000 nid=0xa2c runnable 

"G1 Main Concurrent Mark GC Thread" os_prio=0 tid=0x00007f63c0042000 nid=0xa32 runnable 

"Gang worker#0 (G1 Parallel Marking Threads)" os_prio=0 tid=0x00007f63c0044000 nid=0xa33 runnable 

"G1 Concurrent Refinement Thread#0" os_prio=0 tid=0x00007f63c0030800 nid=0xa31 runnable 

"G1 Concurrent Refinement Thread#1" os_prio=0 tid=0x00007f63c002f000 nid=0xa30 runnable 

"G1 Concurrent Refinement Thread#2" os_prio=0 tid=0x00007f63c002d000 nid=0xa2f runnable 

"G1 Concurrent Refinement Thread#3" os_prio=0 tid=0x00007f63c002b800 nid=0xa2e runnable 

"G1 Concurrent Refinement Thread#4" os_prio=0 tid=0x00007f63c0029800 nid=0xa2d runnable 

"String Deduplication Thread" os_prio=0 tid=0x00007f63c013b000 nid=0xa34 runnable 

"VM Periodic Task Thread" os_prio=0 tid=0x00007f63c020e800 nid=0xa3e waiting on condition 

JNI global references: 802

